<?xml version="1.0" encoding="UTF-8"?>
<coverage generated="1529794918">
  <project timestamp="1529794918">
    <package name="danielgp\browser_agent_info">
      <file name="D:\www\Data\GitRepositories\GitHub\danielgp\browser-agent-info\source/ArchitecturesCpu.php">
        <class name="ArchiecturesCpu" namespace="danielgp\browser_agent_info">
          <metrics complexity="22" methods="11" coveredmethods="9" conditionals="0" coveredconditionals="0" statements="52" coveredstatements="49" elements="63" coveredelements="58"/>
        </class>
        <line num="32" type="method" name="addStdandardTrunk" visibility="private" complexity="2" crap="2" count="6"/>
        <line num="34" type="stmt" count="6"/>
        <line num="35" type="stmt" count="6"/>
        <line num="36" type="stmt" count="6"/>
        <line num="37" type="stmt" count="6"/>
        <line num="38" type="stmt" count="6"/>
        <line num="40" type="stmt" count="6"/>
        <line num="43" type="method" name="detectX64Architecture" visibility="private" complexity="4" crap="4" count="3"/>
        <line num="45" type="stmt" count="3"/>
        <line num="46" type="stmt" count="3"/>
        <line num="47" type="stmt" count="3"/>
        <line num="48" type="stmt" count="3"/>
        <line num="49" type="stmt" count="3"/>
        <line num="51" type="stmt" count="3"/>
        <line num="54" type="method" name="detectX64ArchitectureByOs" visibility="private" complexity="1" crap="1" count="4"/>
        <line num="56" type="stmt" count="4"/>
        <line num="57" type="stmt" count="4"/>
        <line num="60" type="method" name="detectX86Architecture" visibility="private" complexity="1" crap="1" count="4"/>
        <line num="62" type="stmt" count="4"/>
        <line num="63" type="stmt" count="4"/>
        <line num="66" type="method" name="enrichParticularArrayValue" visibility="private" complexity="2" crap="2" count="6"/>
        <line num="68" type="stmt" count="6"/>
        <line num="69" type="stmt" count="6"/>
        <line num="70" type="stmt" count="6"/>
        <line num="71" type="stmt" count="6"/>
        <line num="72" type="stmt" count="6"/>
        <line num="73" type="stmt" count="6"/>
        <line num="74" type="stmt" count="6"/>
        <line num="76" type="stmt" count="6"/>
        <line num="79" type="method" name="eVlByAltSubstrings" visibility="private" complexity="2" crap="2" count="6"/>
        <line num="81" type="stmt" count="6"/>
        <line num="82" type="stmt" count="6"/>
        <line num="83" type="stmt" count="6"/>
        <line num="84" type="stmt" count="4"/>
        <line num="86" type="stmt" count="6"/>
        <line num="89" type="method" name="listOfCpuArchitecturesX86" visibility="private" complexity="1" crap="1" count="6"/>
        <line num="92" type="stmt" count="6"/>
        <line num="105" type="stmt" count="6"/>
        <line num="108" type="method" name="getArchitectureFromUserAgentBrowser" visibility="protected" complexity="4" crap="4.18" count="4"/>
        <line num="110" type="stmt" count="4"/>
        <line num="111" type="stmt" count="4"/>
        <line num="112" type="stmt" count="1"/>
        <line num="113" type="stmt" count="3"/>
        <line num="114" type="stmt" count="0"/>
        <line num="115" type="stmt" count="3"/>
        <line num="116" type="stmt" count="3"/>
        <line num="118" type="stmt" count="0"/>
        <line num="120" type="stmt" count="4"/>
        <line num="123" type="method" name="getArchitectureFromUserAgentOperatingSystem" visibility="protected" complexity="3" crap="3.03" count="4"/>
        <line num="125" type="stmt" count="4"/>
        <line num="126" type="stmt" count="4"/>
        <line num="127" type="stmt" count="3"/>
        <line num="128" type="stmt" count="1"/>
        <line num="129" type="stmt" count="1"/>
        <line num="131" type="stmt" count="0"/>
        <line num="133" type="stmt" count="4"/>
        <line num="136" type="method" name="listOfCpuArchitecturesX64" visibility="private" complexity="1" crap="1" count="6"/>
        <line num="139" type="stmt" count="6"/>
        <line num="156" type="stmt" count="6"/>
        <line num="164" type="method" name="listOfKnownCpuArchitectures" visibility="private" complexity="1" crap="1" count="6"/>
        <line num="166" type="stmt" count="6"/>
        <line num="167" type="stmt" count="6"/>
        <line num="168" type="stmt" count="6"/>
        <metrics loc="170" ncloc="142" classes="1" methods="11" coveredmethods="9" conditionals="0" coveredconditionals="0" statements="52" coveredstatements="49" elements="63" coveredelements="58"/>
      </file>
      <file name="D:\www\Data\GitRepositories\GitHub\danielgp\browser-agent-info\source/BrowserAgentInfosByDanielGP.php">
        <class name="BrowserAgentInfosByDanielGP" namespace="danielgp\browser_agent_info">
          <metrics complexity="31" methods="13" coveredmethods="9" conditionals="0" coveredconditionals="0" statements="91" coveredstatements="85" elements="104" coveredelements="94"/>
        </class>
        <line num="44" type="method" name="autoPopulateSuperGlobals" visibility="private" complexity="2" crap="2" count="2"/>
        <line num="46" type="stmt" count="2"/>
        <line num="47" type="stmt" count="2"/>
        <line num="48" type="stmt" count="2"/>
        <line num="50" type="stmt" count="2"/>
        <line num="59" type="method" name="getArchitectureFromUserAgent" visibility="protected" complexity="3" crap="3" count="7"/>
        <line num="61" type="stmt" count="7"/>
        <line num="62" type="stmt" count="7"/>
        <line num="63" type="stmt" count="4"/>
        <line num="64" type="stmt" count="4"/>
        <line num="65" type="stmt" count="5"/>
        <line num="66" type="stmt" count="4"/>
        <line num="67" type="stmt" count="4"/>
        <line num="69" type="stmt" count="1"/>
        <line num="70" type="stmt" count="1"/>
        <line num="72" type="stmt" count="7"/>
        <line num="82" type="method" name="getClientBrowser" visibility="private" complexity="1" crap="1" count="2"/>
        <line num="84" type="stmt" count="2"/>
        <line num="86" type="stmt" count="2"/>
        <line num="87" type="stmt" count="2"/>
        <line num="88" type="stmt" count="2"/>
        <line num="89" type="stmt" count="2"/>
        <line num="90" type="stmt" count="2"/>
        <line num="91" type="stmt" count="2"/>
        <line num="93" type="stmt" count="2"/>
        <line num="94" type="stmt" count="2"/>
        <line num="95" type="stmt" count="2"/>
        <line num="96" type="stmt" count="2"/>
        <line num="104" type="method" name="getClientBrowserAccepted" visibility="private" complexity="2" crap="2" count="2"/>
        <line num="106" type="stmt" count="2"/>
        <line num="108" type="stmt" count="2"/>
        <line num="109" type="stmt" count="2"/>
        <line num="111" type="stmt" count="2"/>
        <line num="112" type="stmt" count="2"/>
        <line num="113" type="stmt" count="2"/>
        <line num="114" type="stmt" count="2"/>
        <line num="115" type="stmt" count="2"/>
        <line num="116" type="stmt" count="2"/>
        <line num="118" type="stmt" count="2"/>
        <line num="127" type="method" name="getClientBrowserDetails" visibility="protected" complexity="3" crap="3.01" count="2"/>
        <line num="129" type="stmt" count="2"/>
        <line num="130" type="stmt" count="2"/>
        <line num="131" type="stmt" count="2"/>
        <line num="132" type="stmt" count="1"/>
        <line num="134" type="stmt" count="2"/>
        <line num="135" type="stmt" count="2"/>
        <line num="136" type="stmt" count="2"/>
        <line num="137" type="stmt" count="2"/>
        <line num="139" type="stmt" count="0"/>
        <line num="142" type="stmt" count="2"/>
        <line num="145" type="method" name="getClientBrowserDetailsNonBot" visibility="private" complexity="2" crap="2" count="2"/>
        <line num="147" type="stmt" count="2"/>
        <line num="148" type="stmt" count="2"/>
        <line num="149" type="stmt" count="2"/>
        <line num="151" type="stmt" count="2"/>
        <line num="154" type="method" name="getClientBrowserDetailsSingle" visibility="private" complexity="4" crap="4.03" count="2"/>
        <line num="156" type="stmt" count="2"/>
        <line num="157" type="stmt" count="2"/>
        <line num="158" type="stmt" count="2"/>
        <line num="160" type="stmt" count="2"/>
        <line num="161" type="stmt" count="2"/>
        <line num="163" type="stmt" count="2"/>
        <line num="164" type="stmt" count="2"/>
        <line num="167" type="stmt" count="0"/>
        <line num="175" type="method" name="getClientBrowserDevice" visibility="private" complexity="1" crap="1" count="2"/>
        <line num="177" type="stmt" count="2"/>
        <line num="178" type="stmt" count="2"/>
        <line num="180" type="stmt" count="2"/>
        <line num="181" type="stmt" count="2"/>
        <line num="182" type="stmt" count="2"/>
        <line num="183" type="stmt" count="2"/>
        <line num="184" type="stmt" count="2"/>
        <line num="185" type="stmt" count="2"/>
        <line num="186" type="stmt" count="2"/>
        <line num="190" type="method" name="getClientBrowserFamily" visibility="private" complexity="2" crap="2" count="2"/>
        <line num="192" type="stmt" count="2"/>
        <line num="193" type="stmt" count="2"/>
        <line num="194" type="stmt" count="2"/>
        <line num="204" type="method" name="getClientBrowserOperatingSystem" visibility="private" complexity="2" crap="2" count="2"/>
        <line num="206" type="stmt" count="2"/>
        <line num="207" type="stmt" count="2"/>
        <line num="208" type="stmt" count="2"/>
        <line num="209" type="stmt" count="2"/>
        <line num="210" type="stmt" count="2"/>
        <line num="211" type="stmt" count="2"/>
        <line num="212" type="stmt" count="2"/>
        <line num="215" type="method" name="getClientBrowserVersion" visibility="private" complexity="3" crap="3" count="2"/>
        <line num="217" type="stmt" count="2"/>
        <line num="218" type="stmt" count="2"/>
        <line num="219" type="stmt" count="2"/>
        <line num="220" type="stmt" count="2"/>
        <line num="221" type="stmt" count="2"/>
        <line num="223" type="stmt" count="2"/>
        <line num="231" type="method" name="getUserAgentByCommonLib" visibility="protected" complexity="2" crap="2.06" count="2"/>
        <line num="233" type="stmt" count="2"/>
        <line num="234" type="stmt" count="2"/>
        <line num="235" type="stmt" count="0"/>
        <line num="237" type="stmt" count="2"/>
        <line num="240" type="method" name="getUserAgentByCommonLibDetection" visibility="private" complexity="4" crap="7.46" count="2"/>
        <line num="242" type="stmt" count="2"/>
        <line num="243" type="stmt" count="2"/>
        <line num="244" type="stmt" count="0"/>
        <line num="245" type="stmt" count="0"/>
        <line num="247" type="stmt" count="0"/>
        <metrics loc="248" ncloc="167" classes="1" methods="13" coveredmethods="9" conditionals="0" coveredconditionals="0" statements="91" coveredstatements="85" elements="104" coveredelements="94"/>
      </file>
    </package>
    <metrics files="2" loc="418" ncloc="309" classes="2" methods="24" coveredmethods="18" conditionals="0" coveredconditionals="0" statements="143" coveredstatements="134" elements="167" coveredelements="152"/>
  </project>
</coverage>
