<?xml version="1.0" encoding="UTF-8"?>
<coverage generated="1529790215">
  <project timestamp="1529790215">
    <package name="danielgp\network_components">
      <file name="D:\www\Data\GitRepositories\GitHub\danielgp\network-components\source/NetworkComponentsByDanielGP.php">
        <class name="NetworkComponentsByDanielGP" namespace="danielgp\network_components">
          <metrics complexity="18" methods="6" coveredmethods="6" conditionals="0" coveredconditionals="0" statements="32" coveredstatements="32" elements="38" coveredelements="38"/>
        </class>
        <line num="42" type="method" name="checkIpIsInRange" visibility="protected" complexity="4" crap="4" count="2"/>
        <line num="44" type="stmt" count="2"/>
        <line num="45" type="stmt" count="2"/>
        <line num="46" type="stmt" count="2"/>
        <line num="47" type="stmt" count="2"/>
        <line num="48" type="stmt" count="2"/>
        <line num="49" type="stmt" count="2"/>
        <line num="50" type="stmt" count="1"/>
        <line num="53" type="stmt" count="2"/>
        <line num="62" type="method" name="checkIpIsPrivate" visibility="protected" complexity="3" crap="3" count="3"/>
        <line num="64" type="stmt" count="3"/>
        <line num="65" type="stmt" count="2"/>
        <line num="66" type="stmt" count="1"/>
        <line num="68" type="stmt" count="1"/>
        <line num="70" type="stmt" count="1"/>
        <line num="79" type="method" name="checkIpIsV4OrV6" visibility="protected" complexity="4" crap="4" count="3"/>
        <line num="81" type="stmt" count="3"/>
        <line num="82" type="stmt" count="2"/>
        <line num="83" type="stmt" count="1"/>
        <line num="84" type="stmt" count="1"/>
        <line num="85" type="stmt" count="1"/>
        <line num="88" type="stmt" count="1"/>
        <line num="97" type="method" name="convertIpToNumber" visibility="protected" complexity="4" crap="4" count="5"/>
        <line num="99" type="stmt" count="5"/>
        <line num="100" type="stmt" count="4"/>
        <line num="101" type="stmt" count="3"/>
        <line num="102" type="stmt" count="3"/>
        <line num="103" type="stmt" count="1"/>
        <line num="104" type="stmt" count="1"/>
        <line num="107" type="stmt" count="1"/>
        <line num="110" type="method" name="convertIpV6ToNumber" visibility="private" complexity="2" crap="2" count="1"/>
        <line num="112" type="stmt" count="1"/>
        <line num="113" type="stmt" count="1"/>
        <line num="114" type="stmt" count="1"/>
        <line num="116" type="stmt" count="1"/>
        <line num="124" type="method" name="getClientRealIpAddress" visibility="protected" complexity="1" crap="1" count="1"/>
        <line num="126" type="stmt" count="1"/>
        <line num="127" type="stmt" count="1"/>
        <metrics loc="129" ncloc="73" classes="1" methods="6" coveredmethods="6" conditionals="0" coveredconditionals="0" statements="32" coveredstatements="32" elements="38" coveredelements="38"/>
      </file>
    </package>
    <metrics files="1" loc="129" ncloc="73" classes="1" methods="6" coveredmethods="6" conditionals="0" coveredconditionals="0" statements="32" coveredstatements="32" elements="38" coveredelements="38"/>
  </project>
</coverage>
